e:\video-processing\x64\release\vc142.pdb
e:\video-processing\x64\release\main.obj
c:\users\cepht\documents\video-processing\x64\release\vc142.pdb
c:\users\cepht\documents\video-processing\x64\release\main.obj
e:\video-processing\x64\release\video-processing.exe
e:\video-processing\x64\release\video-processing.pdb
c:\users\cepht\documents\video-processing\x64\release\video-processing.exe
c:\users\cepht\documents\video-processing\x64\release\video-processing.pdb
e:\video-processing\x64\release\video-processing.ipdb
e:\video-processing\x64\release\video-processing.iobj
c:\users\cepht\documents\video-processing\x64\release\video-processing.ipdb
c:\users\cepht\documents\video-processing\x64\release\video-processing.iobj
c:\users\cepht\documents\video-processing\x64\release\video-processing.tlog\cl.command.1.tlog
c:\users\cepht\documents\video-processing\x64\release\video-processing.tlog\cl.read.1.tlog
c:\users\cepht\documents\video-processing\x64\release\video-processing.tlog\cl.write.1.tlog
c:\users\cepht\documents\video-processing\x64\release\video-processing.tlog\link.command.1.tlog
c:\users\cepht\documents\video-processing\x64\release\video-processing.tlog\link.delete.1.tlog
c:\users\cepht\documents\video-processing\x64\release\video-processing.tlog\link.read.1.tlog
c:\users\cepht\documents\video-processing\x64\release\video-processing.tlog\link.write.1.tlog
c:\users\cepht\documents\video-processing\x64\release\video-processing.tlog\video-processing.write.1u.tlog
